<?xml version="1.0" encoding="UTF-8"?>
<!-- Generated by org.testng.reporters.JUnitReportReporter -->
<testsuite hostname="DESKTOP-ACER" failures="0" tests="8" name="testsNG.LoginTestDataProv" time="77.397" errors="0" timestamp="2021-07-22T16:22:22 EDT" skipped="0">
  <testcase classname="testsNG.LoginTestDataProv" name="scenarioLogin" time="10.279"/>
  <system-out/>
  <testcase classname="testsNG.LoginTestDataProv" name="scenarioLogin" time="9.056"/>
  <system-out/>
  <testcase classname="testsNG.LoginTestDataProv" name="scenarioLogin" time="9.076"/>
  <system-out/>
  <testcase classname="testsNG.LoginTestDataProv" name="scenarioLogin" time="9.653"/>
  <system-out/>
  <testcase classname="testsNG.LoginTestDataProv" name="scenarioLogin" time="9.559"/>
  <system-out/>
  <testcase classname="testsNG.LoginTestDataProv" name="scenarioLogin" time="8.857"/>
  <system-out/>
  <testcase classname="testsNG.LoginTestDataProv" name="scenarioLogin" time="11.039"/>
  <system-out/>
  <testcase classname="testsNG.LoginTestDataProv" name="scenarioLogin" time="9.878"/>
  <system-out/>
</testsuite> <!-- testsNG.LoginTestDataProv -->
