<?xml version="1.0" encoding="UTF-8"?>
<!-- Generated by org.testng.reporters.JUnitReportReporter -->
<testsuite hostname="DESKTOP-ACER" failures="0" tests="1" name="testng.Register" time="7.064" errors="0" timestamp="2021-06-02T17:03:44 EDT" skipped="0">
  <testcase classname="testng.Register" name="scenarioRegistration" time="7.064"/>
  <system-out/>
</testsuite> <!-- testng.Register -->
