<?xml version="1.0" encoding="UTF-8"?>
<!-- Generated by org.testng.reporters.JUnitReportReporter -->
<testsuite hostname="DESKTOP-ACER" failures="0" tests="1" name="testsNG.RegisterTestPositive" time="7.973" errors="0" timestamp="2021-07-23T16:12:41 EDT" skipped="0">
  <testcase classname="testsNG.RegisterTestPositive" name="scenarioRegistration" time="7.973"/>
  <system-out/>
</testsuite> <!-- testsNG.RegisterTestPositive -->
