<?xml version="1.0" encoding="UTF-8"?>
<!-- Generated by org.testng.reporters.JUnitReportReporter -->
<testsuite hostname="DESKTOP-ACER" failures="0" tests="1" name="testng.LoginTest" time="11.610" errors="0" timestamp="2021-06-08T15:15:27 EDT" skipped="0">
  <testcase classname="testng.LoginTest" name="scenarioLogin" time="11.610"/>
  <system-out/>
</testsuite> <!-- testng.LoginTest -->
