<?xml version="1.0" encoding="UTF-8"?>
<!-- Generated by org.testng.reporters.JUnitReportReporter -->
<testsuite hostname="DESKTOP-ACER" failures="0" tests="1" name="testng.LoginExcelTest" time="21.802" errors="0" timestamp="2021-06-14T17:47:11 EDT" skipped="0">
  <testcase classname="testng.LoginExcelTest" name="scenarioExcelLogin" time="21.802"/>
  <system-out/>
</testsuite> <!-- testng.LoginExcelTest -->
