<?xml version="1.0" encoding="UTF-8"?>
<!-- Generated by org.testng.reporters.JUnitReportReporter -->
<testsuite hostname="DESKTOP-ACER" failures="0" tests="1" name="testng.RegisterTest" time="7.708" errors="0" timestamp="2021-06-07T15:51:48 EDT" skipped="0">
  <testcase classname="testng.RegisterTest" name="scenarioRegistration" time="7.708"/>
  <system-out/>
</testsuite> <!-- testng.RegisterTest -->
