<?xml version="1.0" encoding="UTF-8"?>
<!-- Generated by org.testng.reporters.JUnitReportReporter -->
<testsuite hostname="DESKTOP-ACER" failures="0" tests="4" name="testsNG.RegistrationTests" time="28.809" errors="0" timestamp="2021-07-24T16:56:19 EDT" skipped="0">
  <testcase classname="testsNG.RegistrationTests" name="scenarioRegistration" time="7.632"/>
  <system-out/>
  <testcase classname="testsNG.RegistrationTests" name="scenarioRegistration" time="7.462"/>
  <system-out/>
  <testcase classname="testsNG.RegistrationTests" name="scenarioRegistration" time="5.582"/>
  <system-out/>
  <testcase classname="testsNG.RegistrationTests" name="scenarioRegistration" time="8.133"/>
  <system-out/>
</testsuite> <!-- testsNG.RegistrationTests -->
