<?xml version="1.0" encoding="UTF-8"?>
<!-- Generated by org.testng.reporters.JUnitReportReporter -->
<testsuite hostname="DESKTOP-ACER" failures="0" tests="1" name="testsNG.LoginTestExcel" time="21.349" errors="0" timestamp="2021-07-22T16:25:33 EDT" skipped="0">
  <testcase classname="testsNG.LoginTestExcel" name="scenarioExcelLogin" time="21.349"/>
  <system-out/>
</testsuite> <!-- testsNG.LoginTestExcel -->
