<?xml version="1.0" encoding="UTF-8"?>
<!-- Generated by org.testng.reporters.JUnitReportReporter -->
<testsuite hostname="DESKTOP-ACER" failures="0" tests="1" name="testng.LoginTestExcel" time="21.423" errors="0" timestamp="2021-07-12T13:33:30 EDT" skipped="0">
  <testcase classname="testng.LoginTestExcel" name="scenarioExcelLogin" time="21.423"/>
  <system-out/>
</testsuite> <!-- testng.LoginTestExcel -->
