<?xml version="1.0" encoding="UTF-8"?>
<!-- Generated by org.testng.reporters.JUnitReportReporter -->
<testsuite hostname="DESKTOP-ACER" failures="0" tests="1" name="testsNG.OrderExcelTest" time="15.133" errors="0" timestamp="2021-07-22T16:27:25 EDT" skipped="0">
  <testcase classname="testsNG.OrderExcelTest" name="ScenarioDressesSelection" time="15.133"/>
  <system-out>
    <![CDATA[Login name for this test: inyteti-9518@yopmail.com
Order selection was done
Validating Cart details was done
Logout from account was done]]>
  </system-out>
</testsuite> <!-- testsNG.OrderExcelTest -->
