<?xml version="1.0" encoding="UTF-8"?>
<!-- Generated by org.testng.reporters.JUnitReportReporter -->
<testsuite hostname="DESKTOP-ACER" failures="0" tests="1" name="testng.OrdersExcelTest" time="17.574" errors="0" timestamp="2021-07-19T15:25:39 EDT" skipped="0">
  <testcase classname="testng.OrdersExcelTest" name="ScenarioDressesSelection" time="17.574"/>
  <system-out>
    <![CDATA[Login name for this test: inyteti-9518@yopmail.com
Order selection was done
Validating Cart details was done
Logout from account was done]]>
  </system-out>
</testsuite> <!-- testng.OrdersExcelTest -->
